<?xml version="1.0" encoding="utf-8"?><testsuites><testsuite name="pytest" errors="0" failures="0" skipped="0" tests="5" time="0.113" timestamp="2025-03-17T06:29:34.074633" hostname="DESKTOP-U2PVP7I"><testcase classname="tests.test_bytebank.TestClass" name="test_quando_idade_receber_13_03_2000_deve_retornar_25_em_2025" time="0.003" /><testcase classname="tests.test_bytebank.TestClass" name="test_quando_sobrenome_recebe_lucas_carvalho_deve_retornar_apenas_carvalho" time="0.001" /><testcase classname="tests.test_bytebank.TestClass" name="test_decrescimo_salario_recebe_10000_deve_retornar_90000" time="0.001" /><testcase classname="tests.test_bytebank.TestClass" name="test_quando_calcular_bonus_recebe_1000_deve_retornar_100" time="0.001" /><testcase classname="tests.test_bytebank.TestClass" name="test_quando_calcular_bonus_recebe_100000_deve_retornar_exception" time="0.001" /></testsuite></testsuites>